<?xml version="1.0" encoding="UTF-8"?>
<testng-results ignored="0" total="3" passed="3" failed="0" skipped="0">
  <reporter-output>
  </reporter-output>
  <suite started-at="2025-10-29T17:04:51 IST" name="Default suite" finished-at="2025-10-29T17:05:29 IST" duration-ms="38426">
    <groups>
      <group name="cucumber">
        <method signature="AbstractTestNGCucumberTests.runScenario(io.cucumber.testng.PickleWrapper,io.cucumber.testng.FeatureWrapper)[pri:0, instance:Runner.TourTestRunner2@5fbe4146]" name="runScenario" class="io.cucumber.testng.AbstractTestNGCucumberTests"/>
      </group> <!-- cucumber -->
    </groups>
    <test started-at="2025-10-29T17:04:51 IST" name="Default test" finished-at="2025-10-29T17:05:29 IST" duration-ms="38426">
      <class name="Runner.TourTestRunner2">
        <test-method is-config="true" signature="setUpClass(org.testng.ITestContext)[pri:0, instance:Runner.TourTestRunner2@5fbe4146]" started-at="2025-10-29T17:04:51 IST" name="setUpClass" finished-at="2025-10-29T17:04:52 IST" duration-ms="1107" status="PASS">
          <params>
            <param index="0">
              <value>
                <![CDATA[org.testng.TestRunner@2ceee4b6]]>
              </value>
            </param>
          </params>
          <reporter-output>
          </reporter-output>
        </test-method> <!-- setUpClass -->
        <test-method signature="runScenario(io.cucumber.testng.PickleWrapper,io.cucumber.testng.FeatureWrapper)[pri:0, instance:Runner.TourTestRunner2@5fbe4146]" started-at="2025-10-29T17:04:52 IST" name="runScenario" description="Runs Cucumber Scenarios" data-provider="scenarios" finished-at="2025-10-29T17:05:05 IST" duration-ms="12985" status="PASS">
          <params>
            <param index="0">
              <value>
                <![CDATA["Login with correct username and correct password"]]>
              </value>
            </param>
            <param index="1">
              <value>
                <![CDATA["Store login"]]>
              </value>
            </param>
          </params>
          <reporter-output>
          </reporter-output>
        </test-method> <!-- runScenario -->
        <test-method signature="runScenario(io.cucumber.testng.PickleWrapper,io.cucumber.testng.FeatureWrapper)[pri:0, instance:Runner.TourTestRunner2@5fbe4146]" started-at="2025-10-29T17:05:05 IST" name="runScenario" description="Runs Cucumber Scenarios" data-provider="scenarios" finished-at="2025-10-29T17:05:16 IST" duration-ms="11831" status="PASS">
          <params>
            <param index="0">
              <value>
                <![CDATA["Login with correct username and correct password"]]>
              </value>
            </param>
            <param index="1">
              <value>
                <![CDATA["Store login"]]>
              </value>
            </param>
          </params>
          <reporter-output>
          </reporter-output>
        </test-method> <!-- runScenario -->
        <test-method signature="runScenario(io.cucumber.testng.PickleWrapper,io.cucumber.testng.FeatureWrapper)[pri:0, instance:Runner.TourTestRunner2@5fbe4146]" started-at="2025-10-29T17:05:16 IST" name="runScenario" description="Runs Cucumber Scenarios" data-provider="scenarios" finished-at="2025-10-29T17:05:28 IST" duration-ms="11975" status="PASS">
          <params>
            <param index="0">
              <value>
                <![CDATA["Login with correct username and correct password"]]>
              </value>
            </param>
            <param index="1">
              <value>
                <![CDATA["Store login"]]>
              </value>
            </param>
          </params>
          <reporter-output>
          </reporter-output>
        </test-method> <!-- runScenario -->
        <test-method is-config="true" signature="tearDownClass()[pri:0, instance:Runner.TourTestRunner2@5fbe4146]" started-at="2025-10-29T17:05:28 IST" name="tearDownClass" finished-at="2025-10-29T17:05:29 IST" duration-ms="462" status="PASS">
          <reporter-output>
          </reporter-output>
        </test-method> <!-- tearDownClass -->
      </class> <!-- Runner.TourTestRunner2 -->
    </test> <!-- Default test -->
  </suite> <!-- Default suite -->
</testng-results>
