<?xml version="1.0" encoding="UTF-8"?>
<testng-results ignored="0" total="3" passed="3" failed="0" skipped="0">
  <reporter-output>
  </reporter-output>
  <suite started-at="2025-10-29T17:28:25 IST" name="Suite" finished-at="2025-10-29T17:29:03 IST" duration-ms="37657">
    <groups>
      <group name="cucumber">
        <method signature="AbstractTestNGCucumberTests.runScenario(io.cucumber.testng.PickleWrapper,io.cucumber.testng.FeatureWrapper)[pri:0, instance:Runner.TourTestRunner2@59474f18]" name="runScenario" class="io.cucumber.testng.AbstractTestNGCucumberTests"/>
      </group> <!-- cucumber -->
    </groups>
    <test started-at="2025-10-29T17:28:25 IST" name="Test" finished-at="2025-10-29T17:29:03 IST" duration-ms="37657">
      <class name="Runner.TourTestRunner2">
        <test-method is-config="true" signature="setUpClass(org.testng.ITestContext)[pri:0, instance:Runner.TourTestRunner2@59474f18]" started-at="2025-10-29T17:28:25 IST" name="setUpClass" finished-at="2025-10-29T17:28:26 IST" duration-ms="908" status="PASS">
          <params>
            <param index="0">
              <value>
                <![CDATA[org.testng.TestRunner@76d72b5b]]>
              </value>
            </param>
          </params>
          <reporter-output>
          </reporter-output>
        </test-method> <!-- setUpClass -->
        <test-method signature="runScenario(io.cucumber.testng.PickleWrapper,io.cucumber.testng.FeatureWrapper)[pri:0, instance:Runner.TourTestRunner2@59474f18]" started-at="2025-10-29T17:28:26 IST" name="runScenario" description="Runs Cucumber Scenarios" data-provider="scenarios" finished-at="2025-10-29T17:28:39 IST" duration-ms="12514" status="PASS">
          <params>
            <param index="0">
              <value>
                <![CDATA["Login with correct username and correct password"]]>
              </value>
            </param>
            <param index="1">
              <value>
                <![CDATA["Store login"]]>
              </value>
            </param>
          </params>
          <reporter-output>
          </reporter-output>
        </test-method> <!-- runScenario -->
        <test-method signature="runScenario(io.cucumber.testng.PickleWrapper,io.cucumber.testng.FeatureWrapper)[pri:0, instance:Runner.TourTestRunner2@59474f18]" started-at="2025-10-29T17:28:39 IST" name="runScenario" description="Runs Cucumber Scenarios" data-provider="scenarios" finished-at="2025-10-29T17:28:51 IST" duration-ms="11829" status="PASS">
          <params>
            <param index="0">
              <value>
                <![CDATA["Login with correct username and correct password"]]>
              </value>
            </param>
            <param index="1">
              <value>
                <![CDATA["Store login"]]>
              </value>
            </param>
          </params>
          <reporter-output>
          </reporter-output>
        </test-method> <!-- runScenario -->
        <test-method signature="runScenario(io.cucumber.testng.PickleWrapper,io.cucumber.testng.FeatureWrapper)[pri:0, instance:Runner.TourTestRunner2@59474f18]" started-at="2025-10-29T17:28:51 IST" name="runScenario" description="Runs Cucumber Scenarios" data-provider="scenarios" finished-at="2025-10-29T17:29:03 IST" duration-ms="11952" status="PASS">
          <params>
            <param index="0">
              <value>
                <![CDATA["Login with correct username and correct password"]]>
              </value>
            </param>
            <param index="1">
              <value>
                <![CDATA["Store login"]]>
              </value>
            </param>
          </params>
          <reporter-output>
          </reporter-output>
        </test-method> <!-- runScenario -->
        <test-method is-config="true" signature="tearDownClass()[pri:0, instance:Runner.TourTestRunner2@59474f18]" started-at="2025-10-29T17:29:03 IST" name="tearDownClass" finished-at="2025-10-29T17:29:03 IST" duration-ms="388" status="PASS">
          <reporter-output>
          </reporter-output>
        </test-method> <!-- tearDownClass -->
      </class> <!-- Runner.TourTestRunner2 -->
    </test> <!-- Test -->
  </suite> <!-- Suite -->
</testng-results>
